[32mINFO    [0m pytest_operator.plugin:plugin.py:734 Connecting to existing model microk8s-localhost:test on unspecified cloud
[32mINFO    [0m juju.bundle:bundle.py:416 Applying change: upload charm data-integrator from channel latest/edge
[32mINFO    [0m juju.bundle:bundle.py:416 Applying change: upload charm postgresql-test-app from channel latest/edge
[32mINFO    [0m juju.bundle:bundle.py:416 Applying change: upload charm s3-integrator from channel latest/edge
[32mINFO    [0m juju.bundle:bundle.py:416 Applying change: upload charm self-signed-certificates from channel latest/edge
[32mINFO    [0m juju.bundle:bundle.py:416 Applying change: upload charm sysbench from channel latest/edge
[32mINFO    [0m juju.bundle:bundle.py:416 Applying change: upload charm grafana-agent-k8s from channel latest/edge
[32mINFO    [0m juju.bundle:bundle.py:416 Applying change: upload charm pgbouncer-k8s from channel 1/edge
[32mINFO    [0m juju.bundle:bundle.py:416 Applying change: upload charm postgresql-k8s from channel 14/edge
[32mINFO    [0m juju.bundle:bundle.py:416 Applying change: deploy application data-integrator with 1 unit using $addCharm-0
[32mINFO    [0m juju.model:model.py:2097 Deploying ch:amd64/jammy/data-integrator-27
[32mINFO    [0m juju.bundle:bundle.py:416 Applying change: deploy application postgresql-k8s with 2 units using $addCharm-9
[32mINFO    [0m juju.model:model.py:2097 Deploying ch:amd64/jammy/postgresql-k8s-281
[32mINFO    [0m juju.bundle:bundle.py:416 Applying change: deploy application postgresql-test-app with 1 unit using $addCharm-12
[32mINFO    [0m juju.model:model.py:2097 Deploying ch:amd64/jammy/postgresql-test-app-154
[32mINFO    [0m juju.bundle:bundle.py:416 Applying change: deploy application s3-integrator with 1 unit using $addCharm-15
[32mINFO    [0m juju.model:model.py:2097 Deploying ch:amd64/jammy/s3-integrator-24
[32mINFO    [0m juju.bundle:bundle.py:416 Applying change: deploy application self-signed-certificates with 1 unit using $addCharm-18
[32mINFO    [0m juju.model:model.py:2097 Deploying ch:amd64/jammy/self-signed-certificates-149
[32mINFO    [0m juju.bundle:bundle.py:416 Applying change: deploy application sysbench with 1 unit using $addCharm-21
[32mINFO    [0m juju.model:model.py:2097 Deploying ch:amd64/jammy/sysbench-29
[32mINFO    [0m juju.bundle:bundle.py:416 Applying change: deploy application grafana-agent-k8s with 1 unit using $addCharm-3
[32mINFO    [0m juju.model:model.py:2097 Deploying ch:amd64/jammy/grafana-agent-k8s-80
[32mINFO    [0m juju.bundle:bundle.py:416 Applying change: deploy application pgbouncer-k8s with 1 unit using $addCharm-6
[32mINFO    [0m juju.model:model.py:2097 Deploying ch:amd64/jammy/pgbouncer-k8s-171
[32mINFO    [0m juju.bundle:bundle.py:416 Applying change: add relation $deploy-7:backend-database - $deploy-10:database
[32mINFO    [0m juju.bundle:bundle.py:865 Relating pgbouncer-k8s:backend-database <-> postgresql-k8s:database
[33mWARNING [0m juju.model:model.py:1563 relate is deprecated and will be removed. Use integrate instead.
[32mINFO    [0m juju.bundle:bundle.py:416 Applying change: add relation $deploy-10:certificates - $deploy-19:certificates
[32mINFO    [0m juju.bundle:bundle.py:865 Relating postgresql-k8s:certificates <-> self-signed-certificates:certificates
[33mWARNING [0m juju.model:model.py:1563 relate is deprecated and will be removed. Use integrate instead.
[32mINFO    [0m juju.bundle:bundle.py:416 Applying change: add relation $deploy-7:certificates - $deploy-19:certificates
[32mINFO    [0m juju.bundle:bundle.py:865 Relating pgbouncer-k8s:certificates <-> self-signed-certificates:certificates
[33mWARNING [0m juju.model:model.py:1563 relate is deprecated and will be removed. Use integrate instead.
[32mINFO    [0m juju.bundle:bundle.py:416 Applying change: add relation $deploy-7:metrics-endpoint - $deploy-4:metrics-endpoint
[32mINFO    [0m juju.bundle:bundle.py:865 Relating pgbouncer-k8s:metrics-endpoint <-> grafana-agent-k8s:metrics-endpoint
[33mWARNING [0m juju.model:model.py:1563 relate is deprecated and will be removed. Use integrate instead.
[32mINFO    [0m juju.bundle:bundle.py:416 Applying change: add relation $deploy-10:metrics-endpoint - $deploy-4:metrics-endpoint
[32mINFO    [0m juju.bundle:bundle.py:865 Relating postgresql-k8s:metrics-endpoint <-> grafana-agent-k8s:metrics-endpoint
[33mWARNING [0m juju.model:model.py:1563 relate is deprecated and will be removed. Use integrate instead.
[32mINFO    [0m juju.bundle:bundle.py:416 Applying change: add relation $deploy-7:logging - $deploy-4:logging-provider
[32mINFO    [0m juju.bundle:bundle.py:865 Relating pgbouncer-k8s:logging <-> grafana-agent-k8s:logging-provider
[33mWARNING [0m juju.model:model.py:1563 relate is deprecated and will be removed. Use integrate instead.
[32mINFO    [0m juju.bundle:bundle.py:416 Applying change: add relation $deploy-10:logging - $deploy-4:logging-provider
[32mINFO    [0m juju.bundle:bundle.py:865 Relating postgresql-k8s:logging <-> grafana-agent-k8s:logging-provider
[33mWARNING [0m juju.model:model.py:1563 relate is deprecated and will be removed. Use integrate instead.
[32mINFO    [0m juju.bundle:bundle.py:416 Applying change: add relation $deploy-7:grafana-dashboard - $deploy-4:grafana-dashboards-consumer
[32mINFO    [0m juju.bundle:bundle.py:865 Relating pgbouncer-k8s:grafana-dashboard <-> grafana-agent-k8s:grafana-dashboards-consumer
[33mWARNING [0m juju.model:model.py:1563 relate is deprecated and will be removed. Use integrate instead.
[32mINFO    [0m juju.bundle:bundle.py:416 Applying change: add relation $deploy-10:grafana-dashboard - $deploy-4:grafana-dashboards-consumer
[32mINFO    [0m juju.bundle:bundle.py:865 Relating postgresql-k8s:grafana-dashboard <-> grafana-agent-k8s:grafana-dashboards-consumer
[33mWARNING [0m juju.model:model.py:1563 relate is deprecated and will be removed. Use integrate instead.
[32mINFO    [0m juju.bundle:bundle.py:416 Applying change: add relation $deploy-7:database - $deploy-1:postgresql
[32mINFO    [0m juju.bundle:bundle.py:865 Relating pgbouncer-k8s:database <-> data-integrator:postgresql
[33mWARNING [0m juju.model:model.py:1563 relate is deprecated and will be removed. Use integrate instead.
[32mINFO    [0m juju.bundle:bundle.py:416 Applying change: add relation $deploy-7:database - $deploy-13:first-database
[32mINFO    [0m juju.bundle:bundle.py:865 Relating pgbouncer-k8s:database <-> postgresql-test-app:first-database
[33mWARNING [0m juju.model:model.py:1563 relate is deprecated and will be removed. Use integrate instead.
[32mINFO    [0m juju.bundle:bundle.py:416 Applying change: add relation $deploy-10:database - $deploy-22:postgresql
[32mINFO    [0m juju.bundle:bundle.py:865 Relating postgresql-k8s:database <-> sysbench:postgresql
[33mWARNING [0m juju.model:model.py:1563 relate is deprecated and will be removed. Use integrate instead.
[32mINFO    [0m juju.bundle:bundle.py:416 Applying change: set annotations for $deploy-10
[32mINFO    [0m juju.bundle:bundle.py:416 Applying change: set annotations for $deploy-13
[32mINFO    [0m juju.bundle:bundle.py:416 Applying change: set annotations for $deploy-16
[32mINFO    [0m juju.bundle:bundle.py:416 Applying change: set annotations for $deploy-1
[32mINFO    [0m juju.bundle:bundle.py:416 Applying change: set annotations for $deploy-19
[32mINFO    [0m juju.bundle:bundle.py:416 Applying change: set annotations for $deploy-22
[32mINFO    [0m juju.bundle:bundle.py:416 Applying change: set annotations for $deploy-4
[32mINFO    [0m juju.bundle:bundle.py:416 Applying change: set annotations for $deploy-7
[32mINFO    [0m juju.model:model.py:2971 Waiting for model:
  pgbouncer-k8s/0 [allocating] waiting: installing agent
  postgresql-k8s/0 [allocating] waiting: installing agent
  postgresql-k8s/1 [allocating] waiting: installing agent
  postgresql-test-app/0 [allocating] waiting: installing agent
  self-signed-certificates/0 [allocating] waiting: installing agent
  sysbench/0 [allocating] waiting: installing agent
[32mINFO    [0m juju.model:model.py:2971 Waiting for model:
  pgbouncer-k8s/0 [allocating] waiting: installing agent
  postgresql-k8s/0 [allocating] waiting: installing agent
  postgresql-k8s/1 [allocating] waiting: installing agent
  postgresql-test-app/0 [idle] active: 
  self-signed-certificates/0 [allocating] waiting: installing agent
  sysbench/0 [allocating] waiting: installing agent
[32mINFO    [0m juju.model:model.py:2971 Waiting for model:
  pgbouncer-k8s/0 [allocating] waiting: agent initialising
  postgresql-k8s/0 [executing] maintenance: installing charm software
  postgresql-k8s/1 [executing] maintenance: installing charm software
  postgresql-test-app/0 [idle] active: 
  self-signed-certificates/0 [idle] active: 
  sysbench/0 [executing] maintenance: Installing...
[32mINFO    [0m juju.model:model.py:2971 Waiting for model:
  pgbouncer-k8s/0 [executing] maintenance: installing charm software
  postgresql-k8s/0 [executing] unknown: 
  postgresql-k8s/1 [executing] unknown: 
  postgresql-test-app/0 [idle] active: 
  self-signed-certificates/0 [idle] active: 
  sysbench/0 [executing] waiting: Waiting on data from relation
[32mINFO    [0m juju.model:model.py:2971 Waiting for model:
  pgbouncer-k8s/0 [executing] blocked: waiting for backend database relation to initialise
  postgresql-k8s/0 [idle] unknown: 
  postgresql-k8s/1 [idle] waiting: awaiting for cluster to start
  sysbench/0 [idle] waiting: Waiting on data from relation
[32mINFO    [0m juju.model:model.py:2971 Waiting for model:
  pgbouncer-k8s/0 [executing] waiting: waiting for backend-database relation to connect
  postgresql-k8s/0 [idle] unknown: 
  postgresql-k8s/1 [idle] active: Primary
  sysbench/0 [idle] active: 
[32mINFO    [0m juju.model:model.py:2971 Waiting for model:
  pgbouncer-k8s/0 [executing] active: 
  postgresql-k8s/0 [idle] unknown: 
  postgresql-k8s/1 [idle] active: Primary
  postgresql-test-app/0 [idle] active: 
  self-signed-certificates/0 [idle] active: 
[32mINFO    [0m juju.model:model.py:2971 Waiting for model:
  pgbouncer-k8s/0 [executing] active: 
  postgresql-k8s/0 [idle] waiting: awaiting for cluster to start
  postgresql-k8s/1 [idle] maintenance: Executing restart operation
  sysbench/0 [idle] active: 
[32mINFO    [0m juju.model:model.py:2971 Waiting for model:
  postgresql-k8s/0 [executing] maintenance: Executing restart operation
  postgresql-k8s/1 [executing] active: Primary
[32mINFO    [0m juju.model:model.py:2971 Waiting for model:
  postgresql-k8s/0 [executing] active: 
  postgresql-k8s/1 [idle] active: Primary
[32mINFO    [0m juju.model:model.py:2971 Waiting for model:
  postgresql-k8s/0 [executing] active: 
  postgresql-k8s/1 [executing] active: Primary
[32mINFO    [0m juju.model:model.py:2971 Waiting for model:
  postgresql-k8s/0 [executing] active: 
  postgresql-k8s/1 [idle] active: Primary
[32mINFO    [0m juju.model:model.py:2971 Waiting for model:
  data-integrator/0 [idle] blocked: Please specify either topic, index, or database name
  grafana-agent-k8s/0 [idle] blocked: Missing ['grafana-cloud-config']|['grafana-dashboards-provider'] for grafana-dashboards-consumer; ['grafana-cloud-config']|['logging-consumer'] for logging-provider; ['grafana-cloud-config']|['send-remote-write'] for metrics-endpoint
  s3-integrator/0 [idle] blocked: Missing parameters: ['access-key', 'secret-key']
[32mINFO    [0m integration.test_smoke:test_smoke.py:44 Test continuous writes
[32mINFO    [0m pytest_operator.plugin:plugin.py:862 Model status:

Model  Controller          Cloud/Region        Version  SLA          Timestamp
test   microk8s-localhost  microk8s/localhost  3.5.1    unsupported  01:29:58Z

App                       Version  Status   Scale  Charm                     Channel      Rev  Address         Exposed  Message
data-integrator                    waiting      1  data-integrator           latest/edge   27  10.152.183.106  no       installing agent
grafana-agent-k8s         0.40.4   waiting      1  grafana-agent-k8s         latest/edge   80  10.152.183.153  no       installing agent
pgbouncer-k8s             1.21.0   active       1  pgbouncer-k8s             1/edge       171  10.152.183.194  no       
postgresql-k8s            14.11    active       2  postgresql-k8s            14/edge      281  10.152.183.242  no       
postgresql-test-app                active       1  postgresql-test-app       latest/edge  154  10.152.183.25   no       received database credentials of the first database
s3-integrator                      waiting      1  s3-integrator             latest/edge   24  10.152.183.208  no       installing agent
self-signed-certificates           active       1  self-signed-certificates  latest/edge  149  10.152.183.227  no       
sysbench                           active       1  sysbench                  latest/edge   29  10.152.183.46   no       

Unit                         Workload  Agent  Address     Ports  Message
data-integrator/0*           blocked   idle   10.1.27.8          Please specify either topic, index, or database name
grafana-agent-k8s/0*         blocked   idle   10.1.27.19         Missing ['grafana-cloud-config']|['grafana-dashboards-provider'] for grafana-dashboards-consumer; ['grafana-cloud-con...
pgbouncer-k8s/0*             active    idle   10.1.27.18         
postgresql-k8s/0             active    idle   10.1.27.14         
postgresql-k8s/1*            active    idle   10.1.27.15         Primary
postgresql-test-app/0*       active    idle   10.1.27.9          received database credentials of the first database
s3-integrator/0*             blocked   idle   10.1.27.12         Missing parameters: ['access-key', 'secret-key']
self-signed-certificates/0*  active    idle   10.1.27.13         
sysbench/0*                  active    idle   10.1.27.16         

[32mINFO    [0m pytest_operator.plugin:plugin.py:868 Juju error logs:

unit-postgresql-k8s-0: 01:27:09 ERROR unit.postgresql-k8s/0.juju-log database-peers:3: failed to change plugins: 
Traceback (most recent call last):
  File "/var/lib/juju/agents/unit-postgresql-k8s-0/charm/lib/charms/postgresql_k8s/v0/postgresql.py", line 303, in enable_disable_extensions
    with self._connect_to_database() as connection, connection.cursor() as cursor:
  File "/var/lib/juju/agents/unit-postgresql-k8s-0/charm/lib/charms/postgresql_k8s/v0/postgresql.py", line 127, in _connect_to_database
    connection = psycopg2.connect(
  File "/var/lib/juju/agents/unit-postgresql-k8s-0/charm/venv/psycopg2/__init__.py", line 122, in connect
    conn = _connect(dsn, connection_factory=connection_factory, **kwasync)
psycopg2.OperationalError: connection to server at "postgresql-k8s-primary.test.svc.cluster.local" (10.152.183.210), port 5432 failed: Connection refused
	Is the server running on that host and accepting TCP/IP connections?


During handling of the above exception, another exception occurred:

Traceback (most recent call last):
  File "/var/lib/juju/agents/unit-postgresql-k8s-0/charm/./src/charm.py", line 609, in enable_disable_extensions
    self.postgresql.enable_disable_extensions(extensions, database)
  File "/var/lib/juju/agents/unit-postgresql-k8s-0/charm/lib/charms/postgresql_k8s/v0/postgresql.py", line 327, in enable_disable_extensions
    raise PostgreSQLEnableDisableExtensionError()
charms.postgresql_k8s.v0.postgresql.PostgreSQLEnableDisableExtensionError

[32mINFO    [0m pytest_operator.plugin:plugin.py:947 Forgetting model main...