[32mINFO    [0m pytest_operator.plugin:plugin.py:766 Connecting to existing model microk8s-localhost:test on unspecified cloud
[32mINFO    [0m juju.bundle:bundle.py:460 Applying change: upload charm data-integrator from channel latest/edge
[32mINFO    [0m juju.bundle:bundle.py:460 Applying change: upload charm postgresql-test-app from channel latest/edge
[32mINFO    [0m juju.bundle:bundle.py:460 Applying change: upload charm s3-integrator from channel latest/edge
[32mINFO    [0m juju.bundle:bundle.py:460 Applying change: upload charm self-signed-certificates from channel latest/edge
[32mINFO    [0m juju.bundle:bundle.py:460 Applying change: upload charm sysbench from channel latest/edge
[32mINFO    [0m juju.bundle:bundle.py:460 Applying change: upload charm grafana-agent-k8s from channel latest/edge
[32mINFO    [0m juju.bundle:bundle.py:460 Applying change: upload charm pgbouncer-k8s from channel 1/edge
[32mINFO    [0m juju.bundle:bundle.py:460 Applying change: upload charm postgresql-k8s from channel 14/edge
[32mINFO    [0m juju.bundle:bundle.py:460 Applying change: deploy application data-integrator with 1 unit using $addCharm-0
[32mINFO    [0m juju.model:model.py:2284 Deploying ch:amd64/jammy/data-integrator-80
[32mINFO    [0m juju.bundle:bundle.py:460 Applying change: deploy application postgresql-k8s with 2 units using $addCharm-9
[32mINFO    [0m juju.model:model.py:2284 Deploying ch:amd64/jammy/postgresql-k8s-470
[32mINFO    [0m juju.bundle:bundle.py:460 Applying change: deploy application postgresql-test-app with 1 unit using $addCharm-12
[32mINFO    [0m juju.model:model.py:2284 Deploying ch:amd64/jammy/postgresql-test-app-293
[32mINFO    [0m juju.bundle:bundle.py:460 Applying change: deploy application s3-integrator with 1 unit using $addCharm-15
[32mINFO    [0m juju.model:model.py:2284 Deploying ch:amd64/jammy/s3-integrator-85
[32mINFO    [0m juju.bundle:bundle.py:460 Applying change: deploy application self-signed-certificates with 1 unit using $addCharm-18
[32mINFO    [0m juju.model:model.py:2284 Deploying ch:amd64/jammy/self-signed-certificates-212
[32mINFO    [0m juju.bundle:bundle.py:460 Applying change: deploy application sysbench with 1 unit using $addCharm-21
[32mINFO    [0m juju.model:model.py:2284 Deploying ch:amd64/jammy/sysbench-123
[32mINFO    [0m juju.bundle:bundle.py:460 Applying change: deploy application grafana-agent-k8s with 1 unit using $addCharm-3
[32mINFO    [0m juju.model:model.py:2284 Deploying ch:amd64/jammy/grafana-agent-k8s-100
[32mINFO    [0m juju.bundle:bundle.py:460 Applying change: deploy application pgbouncer-k8s with 1 unit using $addCharm-6
[32mINFO    [0m juju.model:model.py:2284 Deploying ch:amd64/jammy/pgbouncer-k8s-357
[32mINFO    [0m juju.bundle:bundle.py:460 Applying change: add relation $deploy-7:backend-database - $deploy-10:database
[32mINFO    [0m juju.bundle:bundle.py:928 Relating pgbouncer-k8s:backend-database <-> postgresql-k8s:database
[33mWARNING [0m juju.model:model.py:1666 relate is deprecated and will be removed. Use integrate instead.
[32mINFO    [0m juju.bundle:bundle.py:460 Applying change: add relation $deploy-10:certificates - $deploy-19:certificates
[32mINFO    [0m juju.bundle:bundle.py:928 Relating postgresql-k8s:certificates <-> self-signed-certificates:certificates
[33mWARNING [0m juju.model:model.py:1666 relate is deprecated and will be removed. Use integrate instead.
[32mINFO    [0m juju.bundle:bundle.py:460 Applying change: add relation $deploy-7:certificates - $deploy-19:certificates
[32mINFO    [0m juju.bundle:bundle.py:928 Relating pgbouncer-k8s:certificates <-> self-signed-certificates:certificates
[33mWARNING [0m juju.model:model.py:1666 relate is deprecated and will be removed. Use integrate instead.
[32mINFO    [0m juju.bundle:bundle.py:460 Applying change: add relation $deploy-7:metrics-endpoint - $deploy-4:metrics-endpoint
[32mINFO    [0m juju.bundle:bundle.py:928 Relating pgbouncer-k8s:metrics-endpoint <-> grafana-agent-k8s:metrics-endpoint
[33mWARNING [0m juju.model:model.py:1666 relate is deprecated and will be removed. Use integrate instead.
[32mINFO    [0m juju.bundle:bundle.py:460 Applying change: add relation $deploy-10:metrics-endpoint - $deploy-4:metrics-endpoint
[32mINFO    [0m juju.bundle:bundle.py:928 Relating postgresql-k8s:metrics-endpoint <-> grafana-agent-k8s:metrics-endpoint
[33mWARNING [0m juju.model:model.py:1666 relate is deprecated and will be removed. Use integrate instead.
[32mINFO    [0m juju.bundle:bundle.py:460 Applying change: add relation $deploy-7:logging - $deploy-4:logging-provider
[32mINFO    [0m juju.bundle:bundle.py:928 Relating pgbouncer-k8s:logging <-> grafana-agent-k8s:logging-provider
[33mWARNING [0m juju.model:model.py:1666 relate is deprecated and will be removed. Use integrate instead.
[32mINFO    [0m juju.bundle:bundle.py:460 Applying change: add relation $deploy-10:logging - $deploy-4:logging-provider
[32mINFO    [0m juju.bundle:bundle.py:928 Relating postgresql-k8s:logging <-> grafana-agent-k8s:logging-provider
[33mWARNING [0m juju.model:model.py:1666 relate is deprecated and will be removed. Use integrate instead.
[32mINFO    [0m juju.bundle:bundle.py:460 Applying change: add relation $deploy-7:grafana-dashboard - $deploy-4:grafana-dashboards-consumer
[32mINFO    [0m juju.bundle:bundle.py:928 Relating pgbouncer-k8s:grafana-dashboard <-> grafana-agent-k8s:grafana-dashboards-consumer
[33mWARNING [0m juju.model:model.py:1666 relate is deprecated and will be removed. Use integrate instead.
[32mINFO    [0m juju.bundle:bundle.py:460 Applying change: add relation $deploy-10:grafana-dashboard - $deploy-4:grafana-dashboards-consumer
[32mINFO    [0m juju.bundle:bundle.py:928 Relating postgresql-k8s:grafana-dashboard <-> grafana-agent-k8s:grafana-dashboards-consumer
[33mWARNING [0m juju.model:model.py:1666 relate is deprecated and will be removed. Use integrate instead.
[32mINFO    [0m juju.bundle:bundle.py:460 Applying change: add relation $deploy-7:database - $deploy-1:postgresql
[32mINFO    [0m juju.bundle:bundle.py:928 Relating pgbouncer-k8s:database <-> data-integrator:postgresql
[33mWARNING [0m juju.model:model.py:1666 relate is deprecated and will be removed. Use integrate instead.
[32mINFO    [0m juju.bundle:bundle.py:460 Applying change: add relation $deploy-7:database - $deploy-13:database
[32mINFO    [0m juju.bundle:bundle.py:928 Relating pgbouncer-k8s:database <-> postgresql-test-app:database
[33mWARNING [0m juju.model:model.py:1666 relate is deprecated and will be removed. Use integrate instead.
[32mINFO    [0m juju.bundle:bundle.py:460 Applying change: add relation $deploy-10:database - $deploy-22:postgresql
[32mINFO    [0m juju.bundle:bundle.py:928 Relating postgresql-k8s:database <-> sysbench:postgresql
[33mWARNING [0m juju.model:model.py:1666 relate is deprecated and will be removed. Use integrate instead.
[32mINFO    [0m juju.bundle:bundle.py:460 Applying change: set annotations for $deploy-10
[32mINFO    [0m juju.bundle:bundle.py:460 Applying change: set annotations for $deploy-13
[32mINFO    [0m juju.bundle:bundle.py:460 Applying change: set annotations for $deploy-16
[32mINFO    [0m juju.bundle:bundle.py:460 Applying change: set annotations for $deploy-1
[32mINFO    [0m juju.bundle:bundle.py:460 Applying change: set annotations for $deploy-19
[32mINFO    [0m juju.bundle:bundle.py:460 Applying change: set annotations for $deploy-22
[32mINFO    [0m juju.bundle:bundle.py:460 Applying change: set annotations for $deploy-4
[32mINFO    [0m juju.bundle:bundle.py:460 Applying change: set annotations for $deploy-7
[32mINFO    [0m juju.model:model.py:3211 Waiting for model:
  pgbouncer-k8s/0 [allocating] waiting: installing agent
  postgresql-k8s/0 [allocating] waiting: installing agent
  postgresql-k8s/1 [allocating] waiting: installing agent
  postgresql-test-app/0 [allocating] waiting: installing agent
  self-signed-certificates/0 [allocating] waiting: installing agent
  sysbench/0 [allocating] waiting: installing agent
[32mINFO    [0m juju.model:model.py:3211 Waiting for model:
  pgbouncer-k8s/0 [allocating] waiting: installing agent
  postgresql-k8s/0 [allocating] waiting: installing agent
  postgresql-k8s/1 [allocating] waiting: installing agent
  postgresql-test-app/0 [executing] maintenance: installing charm software
  self-signed-certificates/0 [allocating] waiting: installing agent
  sysbench/0 [allocating] waiting: installing agent
[32mINFO    [0m juju.model:model.py:3211 Waiting for model:
  pgbouncer-k8s/0 [allocating] waiting: agent initialising
  postgresql-k8s/0 [executing] maintenance: installing charm software
  postgresql-k8s/1 [executing] maintenance: installing charm software
  postgresql-test-app/0 [idle] active: 
  self-signed-certificates/0 [idle] active: 
  sysbench/0 [executing] maintenance: Installing...
[32mINFO    [0m juju.model:model.py:3211 Waiting for model:
  pgbouncer-k8s/0 [executing] maintenance: installing charm software
  postgresql-k8s/0 [executing] maintenance: installing charm software
  postgresql-k8s/1 [executing] maintenance: installing charm software
  postgresql-test-app/0 [idle] active: 
  self-signed-certificates/0 [idle] active: 
  sysbench/0 [executing] waiting: Waiting on data from relation
[32mINFO    [0m juju.model:model.py:3211 Waiting for model:
  pgbouncer-k8s/0 [executing] blocked: waiting for backend database relation to initialise
  postgresql-k8s/0 [executing] waiting: awaiting for cluster to start
  postgresql-k8s/1 [executing] unknown: 
  sysbench/0 [idle] waiting: Waiting on data from relation
[32mINFO    [0m juju.model:model.py:3211 Waiting for model:
  pgbouncer-k8s/0 [executing] waiting: waiting for backend-database relation to connect
  postgresql-k8s/0 [executing] waiting: awaiting for primary endpoint to be ready
  postgresql-k8s/1 [executing] unknown: 
  self-signed-certificates/0 [idle] active: 
  sysbench/0 [idle] waiting: Waiting on data from relation
[32mINFO    [0m juju.model:model.py:3211 Waiting for model:
  pgbouncer-k8s/0 [idle] blocked: waiting for backend database relation to initialise
  postgresql-k8s/0 [idle] waiting: awaiting for primary endpoint to be ready
  postgresql-k8s/1 [idle] unknown: 
  sysbench/0 [idle] waiting: Waiting on data from relation
[32mINFO    [0m juju.model:model.py:3211 Waiting for model:
  pgbouncer-k8s/0 [idle] blocked: waiting for backend database relation to initialise
  postgresql-k8s/0 [executing] active: Primary
  postgresql-k8s/1 [idle] waiting: awaiting for cluster to start
  sysbench/0 [idle] waiting: Waiting on data from relation
[32mINFO    [0m juju.model:model.py:3211 Waiting for model:
  pgbouncer-k8s/0 [executing] active: 
  postgresql-k8s/0 [idle] active: Primary
  postgresql-k8s/1 [executing] waiting: awaiting for cluster to start
  postgresql-test-app/0 [idle] active: received database credentials of the first database
  sysbench/0 [idle] waiting: Waiting on data from relation
[32mINFO    [0m juju.model:model.py:3211 Waiting for model:
  postgresql-k8s/0 [executing] active: Primary
  sysbench/0 [idle] waiting: Waiting on data from relation
[32mINFO    [0m juju.model:model.py:3211 Waiting for model:
  postgresql-k8s/0 [idle] waiting: Awaiting restart operation
  postgresql-k8s/1 [idle] active: 
  self-signed-certificates/0 [idle] active: 
  sysbench/0 [executing] waiting: Waiting on data from relation
[32mINFO    [0m juju.model:model.py:3211 Waiting for model:
  postgresql-k8s/1 [executing] active: 
  sysbench/0 [idle] waiting: Waiting on data from relation
[32mINFO    [0m juju.model:model.py:3211 Waiting for model:
  pgbouncer-k8s/0 [idle] active: 
  postgresql-k8s/0 [idle] active: 
  postgresql-k8s/1 [idle] active: 
  sysbench/0 [idle] waiting: Waiting on data from relation
[32mINFO    [0m juju.model:model.py:3211 Waiting for model:
  postgresql-k8s/0 [executing] active: Primary
  sysbench/0 [idle] waiting: Waiting on data from relation
[32mINFO    [0m juju.model:model.py:3211 Waiting for model:
  sysbench/0 [idle] waiting: Waiting on data from relation
[32mINFO    [0m juju.model:model.py:3211 Waiting for model:
  sysbench/0 [idle] waiting: Waiting on data from relation
[32mINFO    [0m juju.model:model.py:3211 Waiting for model:
  sysbench/0 [idle] waiting: Waiting on data from relation
[32mINFO    [0m juju.model:model.py:3211 Waiting for model:
  sysbench/0 [idle] waiting: Waiting on data from relation
[32mINFO    [0m juju.model:model.py:3211 Waiting for model:
  sysbench/0 [idle] waiting: Waiting on data from relation
[32mINFO    [0m juju.model:model.py:3211 Waiting for model:
  sysbench/0 [idle] waiting: Waiting on data from relation
[32mINFO    [0m juju.model:model.py:3211 Waiting for model:
  sysbench/0 [idle] waiting: Waiting on data from relation
[32mINFO    [0m juju.model:model.py:3211 Waiting for model:
  sysbench/0 [idle] waiting: Waiting on data from relation
[32mINFO    [0m juju.model:model.py:3211 Waiting for model:
  sysbench/0 [idle] waiting: Waiting on data from relation
[32mINFO    [0m juju.model:model.py:3211 Waiting for model:
  sysbench/0 [idle] waiting: Waiting on data from relation
[32mINFO    [0m juju.model:model.py:3211 Waiting for model:
  sysbench/0 [idle] waiting: Waiting on data from relation
[32mINFO    [0m juju.model:model.py:3211 Waiting for model:
  sysbench/0 [idle] waiting: Waiting on data from relation
[32mINFO    [0m juju.model:model.py:3211 Waiting for model:
  sysbench/0 [idle] waiting: Waiting on data from relation
[32mINFO    [0m juju.model:model.py:3211 Waiting for model:
  sysbench/0 [idle] waiting: Waiting on data from relation
[32mINFO    [0m juju.model:model.py:3211 Waiting for model:
  sysbench/0 [idle] waiting: Waiting on data from relation
[32mINFO    [0m juju.model:model.py:3211 Waiting for model:
  sysbench/0 [idle] waiting: Waiting on data from relation
[32mINFO    [0m juju.model:model.py:3211 Waiting for model:
  sysbench/0 [idle] waiting: Waiting on data from relation
[32mINFO    [0m juju.model:model.py:3211 Waiting for model:
  sysbench/0 [idle] waiting: Waiting on data from relation
[32mINFO    [0m juju.model:model.py:3211 Waiting for model:
  sysbench/0 [idle] waiting: Waiting on data from relation
[32mINFO    [0m juju.model:model.py:3211 Waiting for model:
  sysbench/0 [idle] waiting: Waiting on data from relation
[32mINFO    [0m juju.model:model.py:3211 Waiting for model:
  sysbench/0 [idle] waiting: Waiting on data from relation
[32mINFO    [0m juju.model:model.py:3211 Waiting for model:
  sysbench/0 [idle] waiting: Waiting on data from relation
[32mINFO    [0m juju.model:model.py:3211 Waiting for model:
  sysbench/0 [idle] waiting: Waiting on data from relation
[32mINFO    [0m juju.model:model.py:3211 Waiting for model:
  sysbench/0 [idle] waiting: Waiting on data from relation
[32mINFO    [0m juju.model:model.py:3211 Waiting for model:
  sysbench/0 [idle] waiting: Waiting on data from relation
[32mINFO    [0m juju.model:model.py:3211 Waiting for model:
  sysbench/0 [idle] waiting: Waiting on data from relation
[32mINFO    [0m juju.model:model.py:3211 Waiting for model:
  sysbench/0 [idle] waiting: Waiting on data from relation
[32mINFO    [0m juju.model:model.py:3211 Waiting for model:
  sysbench/0 [idle] waiting: Waiting on data from relation
[32mINFO    [0m juju.model:model.py:3211 Waiting for model:
  sysbench/0 [idle] waiting: Waiting on data from relation
[32mINFO    [0m juju.model:model.py:3211 Waiting for model:
  sysbench/0 [idle] waiting: Waiting on data from relation
[32mINFO    [0m juju.model:model.py:3211 Waiting for model:
  sysbench/0 [idle] waiting: Waiting on data from relation
[32mINFO    [0m juju.model:model.py:3211 Waiting for model:
  sysbench/0 [idle] waiting: Waiting on data from relation
[32mINFO    [0m juju.model:model.py:3211 Waiting for model:
  sysbench/0 [idle] waiting: Waiting on data from relation
[32mINFO    [0m juju.model:model.py:3211 Waiting for model:
  sysbench/0 [idle] waiting: Waiting on data from relation
[32mINFO    [0m juju.model:model.py:3211 Waiting for model:
  sysbench/0 [idle] waiting: Waiting on data from relation
[32mINFO    [0m juju.model:model.py:3211 Waiting for model:
  sysbench/0 [idle] waiting: Waiting on data from relation
[32mINFO    [0m juju.model:model.py:3211 Waiting for model:
  sysbench/0 [idle] waiting: Waiting on data from relation
[32mINFO    [0m juju.model:model.py:3211 Waiting for model:
  sysbench/0 [idle] waiting: Waiting on data from relation
[32mINFO    [0m juju.model:model.py:3211 Waiting for model:
  sysbench/0 [idle] waiting: Waiting on data from relation
[32mINFO    [0m juju.model:model.py:3211 Waiting for model:
  sysbench/0 [idle] waiting: Waiting on data from relation
[32mINFO    [0m juju.model:model.py:3211 Waiting for model:
  sysbench/0 [idle] waiting: Waiting on data from relation
[32mINFO    [0m juju.model:model.py:3211 Waiting for model:
  sysbench/0 [idle] waiting: Waiting on data from relation
[32mINFO    [0m juju.model:model.py:3211 Waiting for model:
  sysbench/0 [idle] waiting: Waiting on data from relation
[32mINFO    [0m juju.model:model.py:3211 Waiting for model:
  sysbench/0 [idle] waiting: Waiting on data from relation
[32mINFO    [0m juju.model:model.py:3211 Waiting for model:
  sysbench/0 [idle] waiting: Waiting on data from relation
[32mINFO    [0m juju.model:model.py:3211 Waiting for model:
  sysbench/0 [idle] waiting: Waiting on data from relation
[32mINFO    [0m juju.model:model.py:3211 Waiting for model:
  sysbench/0 [idle] waiting: Waiting on data from relation
[32mINFO    [0m juju.model:model.py:3211 Waiting for model:
  sysbench/0 [idle] waiting: Waiting on data from relation
[32mINFO    [0m juju.model:model.py:3211 Waiting for model:
  sysbench/0 [idle] waiting: Waiting on data from relation
[32mINFO    [0m juju.model:model.py:3211 Waiting for model:
  sysbench/0 [idle] waiting: Waiting on data from relation
[32mINFO    [0m juju.model:model.py:3211 Waiting for model:
  sysbench/0 [idle] waiting: Waiting on data from relation
[32mINFO    [0m juju.model:model.py:3211 Waiting for model:
  sysbench/0 [idle] waiting: Waiting on data from relation
[32mINFO    [0m juju.model:model.py:3211 Waiting for model:
  sysbench/0 [idle] waiting: Waiting on data from relation
[32mINFO    [0m juju.model:model.py:3211 Waiting for model:
  sysbench/0 [idle] waiting: Waiting on data from relation
[32mINFO    [0m juju.model:model.py:3211 Waiting for model:
  sysbench/0 [idle] waiting: Waiting on data from relation
[32mINFO    [0m juju.model:model.py:3211 Waiting for model:
  sysbench/0 [idle] waiting: Waiting on data from relation
[32mINFO    [0m juju.model:model.py:3211 Waiting for model:
  sysbench/0 [idle] waiting: Waiting on data from relation
[32mINFO    [0m juju.model:model.py:3211 Waiting for model:
  sysbench/0 [idle] waiting: Waiting on data from relation
[32mINFO    [0m juju.model:model.py:3211 Waiting for model:
  sysbench/0 [idle] waiting: Waiting on data from relation
[32mINFO    [0m juju.model:model.py:3211 Waiting for model:
  sysbench/0 [idle] waiting: Waiting on data from relation
[32mINFO    [0m juju.model:model.py:3211 Waiting for model:
  sysbench/0 [idle] waiting: Waiting on data from relation
[32mINFO    [0m juju.model:model.py:3211 Waiting for model:
  sysbench/0 [idle] waiting: Waiting on data from relation
[32mINFO    [0m juju.model:model.py:3211 Waiting for model:
  sysbench/0 [idle] waiting: Waiting on data from relation
[32mINFO    [0m juju.model:model.py:3211 Waiting for model:
  sysbench/0 [idle] waiting: Waiting on data from relation
[32mINFO    [0m juju.model:model.py:3211 Waiting for model:
  sysbench/0 [idle] waiting: Waiting on data from relation
[32mINFO    [0m juju.model:model.py:3211 Waiting for model:
  sysbench/0 [idle] waiting: Waiting on data from relation
[32mINFO    [0m juju.model:model.py:3211 Waiting for model:
  sysbench/0 [idle] waiting: Waiting on data from relation
[32mINFO    [0m juju.model:model.py:3211 Waiting for model:
  sysbench/0 [idle] waiting: Waiting on data from relation
[32mINFO    [0m juju.model:model.py:3211 Waiting for model:
  sysbench/0 [idle] waiting: Waiting on data from relation
[32mINFO    [0m juju.model:model.py:3211 Waiting for model:
  sysbench/0 [idle] waiting: Waiting on data from relation
[32mINFO    [0m juju.model:model.py:3211 Waiting for model:
  sysbench/0 [idle] waiting: Waiting on data from relation
[32mINFO    [0m juju.model:model.py:3211 Waiting for model:
  sysbench/0 [idle] waiting: Waiting on data from relation
[32mINFO    [0m juju.model:model.py:3211 Waiting for model:
  sysbench/0 [idle] waiting: Waiting on data from relation
[32mINFO    [0m juju.model:model.py:3211 Waiting for model:
  sysbench/0 [idle] waiting: Waiting on data from relation
[32mINFO    [0m juju.model:model.py:3211 Waiting for model:
  sysbench/0 [idle] waiting: Waiting on data from relation
[32mINFO    [0m juju.model:model.py:3211 Waiting for model:
  sysbench/0 [idle] waiting: Waiting on data from relation
[32mINFO    [0m juju.model:model.py:3211 Waiting for model:
  sysbench/0 [idle] waiting: Waiting on data from relation
[32mINFO    [0m juju.model:model.py:3211 Waiting for model:
  sysbench/0 [idle] waiting: Waiting on data from relation
[32mINFO    [0m juju.model:model.py:3211 Waiting for model:
  sysbench/0 [idle] waiting: Waiting on data from relation
[32mINFO    [0m juju.model:model.py:3211 Waiting for model:
  sysbench/0 [idle] waiting: Waiting on data from relation
[32mINFO    [0m juju.model:model.py:3211 Waiting for model:
  sysbench/0 [idle] waiting: Waiting on data from relation
[32mINFO    [0m juju.model:model.py:3211 Waiting for model:
  sysbench/0 [idle] waiting: Waiting on data from relation
[32mINFO    [0m juju.model:model.py:3211 Waiting for model:
  sysbench/0 [idle] waiting: Waiting on data from relation
[32mINFO    [0m juju.model:model.py:3211 Waiting for model:
  sysbench/0 [idle] waiting: Waiting on data from relation
[32mINFO    [0m juju.model:model.py:3211 Waiting for model:
  sysbench/0 [idle] waiting: Waiting on data from relation
[32mINFO    [0m pytest_operator.plugin:plugin.py:903 Model status:

Model  Controller          Cloud/Region        Version  SLA          Timestamp
test   microk8s-localhost  microk8s/localhost  3.5.4    unsupported  02:13:39Z

App                       Version  Status   Scale  Charm                     Channel      Rev  Address         Exposed  Message
data-integrator                    blocked      1  data-integrator           latest/edge   80  10.152.183.66   no       Please specify either topic, index, or database name
grafana-agent-k8s         0.40.4   blocked      1  grafana-agent-k8s         latest/edge  100  10.152.183.32   no       Missing ['grafana-cloud-config']|['grafana-dashboards-provider'] for grafana-dashboards-consumer; ['grafana-cloud-con...
pgbouncer-k8s             1.21.0   active       1  pgbouncer-k8s             1/edge       357  10.152.183.220  no       
postgresql-k8s            14.13    active       2  postgresql-k8s            14/edge      470  10.152.183.189  no       
postgresql-test-app                active       1  postgresql-test-app       latest/edge  293  10.152.183.157  no       received database credentials of the first database
s3-integrator                      blocked      1  s3-integrator             latest/edge   85  10.152.183.89   no       Missing parameters: ['access-key', 'secret-key']
self-signed-certificates           active       1  self-signed-certificates  latest/edge  212  10.152.183.56   no       
sysbench                           waiting      1  sysbench                  latest/edge  123  10.152.183.47   no       installing agent

Unit                         Workload  Agent  Address       Ports  Message
data-integrator/0*           blocked   idle   10.1.132.200         Please specify either topic, index, or database name
grafana-agent-k8s/0*         blocked   idle   10.1.132.211         Missing ['grafana-cloud-config']|['grafana-dashboards-provider'] for grafana-dashboards-consumer; ['grafana-cloud-con...
pgbouncer-k8s/0*             active    idle   10.1.132.210         
postgresql-k8s/0*            active    idle   10.1.132.207         Primary
postgresql-k8s/1             active    idle   10.1.132.208         
postgresql-test-app/0*       active    idle   10.1.132.201         received database credentials of the first database
s3-integrator/0*             blocked   idle   10.1.132.202         Missing parameters: ['access-key', 'secret-key']
self-signed-certificates/0*  active    idle   10.1.132.205         
sysbench/0*                  waiting   idle   10.1.132.206         Waiting on data from relation

[32mINFO    [0m pytest_operator.plugin:plugin.py:909 Juju error logs:

unit-postgresql-k8s-1: 01:27:16 ERROR unit.postgresql-k8s/1.juju-log pgdata folder not found in /var/lib/postgresql/data/pgdata
unit-postgresql-k8s-0: 01:29:27 ERROR unit.postgresql-k8s/0.juju-log database:21: Failed to create user: connection to server at "postgresql-k8s-primary.test.svc.cluster.local" (10.152.183.195), port 5432 failed: Connection refused
	Is the server running on that host and accepting TCP/IP connections?

unit-postgresql-k8s-0: 01:29:27 ERROR unit.postgresql-k8s/0.juju-log database:21: None
Traceback (most recent call last):
  File "/var/lib/juju/agents/unit-postgresql-k8s-0/charm/lib/charms/postgresql_k8s/v0/postgresql.py", line 250, in create_user
    with self._connect_to_database() as connection, connection.cursor() as cursor:
  File "/var/lib/juju/agents/unit-postgresql-k8s-0/charm/lib/charms/tempo_coordinator_k8s/v0/charm_tracing.py", line 1064, in wrapped_function
    return callable(*args, **kwargs)  # type: ignore
  File "/var/lib/juju/agents/unit-postgresql-k8s-0/charm/lib/charms/postgresql_k8s/v0/postgresql.py", line 154, in _connect_to_database
    connection = psycopg2.connect(
  File "/var/lib/juju/agents/unit-postgresql-k8s-0/charm/venv/psycopg2/__init__.py", line 122, in connect
    conn = _connect(dsn, connection_factory=connection_factory, **kwasync)
psycopg2.OperationalError: connection to server at "postgresql-k8s-primary.test.svc.cluster.local" (10.152.183.195), port 5432 failed: Connection refused
	Is the server running on that host and accepting TCP/IP connections?


During handling of the above exception, another exception occurred:

Traceback (most recent call last):
  File "/var/lib/juju/agents/unit-postgresql-k8s-0/charm/src/relations/postgresql_provider.py", line 92, in _on_database_requested
    self.charm.postgresql.create_user(user, password, extra_user_roles=extra_user_roles)
  File "/var/lib/juju/agents/unit-postgresql-k8s-0/charm/lib/charms/tempo_coordinator_k8s/v0/charm_tracing.py", line 1064, in wrapped_function
    return callable(*args, **kwargs)  # type: ignore
  File "/var/lib/juju/agents/unit-postgresql-k8s-0/charm/lib/charms/postgresql_k8s/v0/postgresql.py", line 275, in create_user
    raise PostgreSQLCreateUserError()
charms.postgresql_k8s.v0.postgresql.PostgreSQLCreateUserError: None

[32mINFO    [0m pytest_operator.plugin:plugin.py:991 Forgetting model main...