[33mWARNING [0m juju.client.connection:connection.py:858 unexpected facade SSHServer received from the controller
[32mINFO    [0m pytest_operator.plugin:plugin.py:806 Connecting to existing model microk8s-localhost:test on unspecified cloud
[33mWARNING [0m juju.client.connection:connection.py:858 unexpected facade SSHServer received from the controller
[33mWARNING [0m juju.client.connection:connection.py:858 unexpected facade SSHSession received from the controller
[33mWARNING [0m juju.client.connection:connection.py:858 unexpected facade SSHTunneler received from the controller
[33mWARNING [0m juju.client.connection:connection.py:858 unexpected facade SSHServer received from the controller
[33mWARNING [0m juju.client.connection:connection.py:858 unexpected facade SSHServer received from the controller
[32mINFO    [0m juju.bundle:bundle.py:461 Applying change: upload charm data-integrator from channel latest/edge
[32mINFO    [0m juju.bundle:bundle.py:461 Applying change: upload charm postgresql-test-app from channel latest/edge
[32mINFO    [0m juju.bundle:bundle.py:461 Applying change: upload charm s3-integrator from channel latest/edge
[32mINFO    [0m juju.bundle:bundle.py:461 Applying change: upload charm self-signed-certificates from channel latest/edge
[32mINFO    [0m juju.bundle:bundle.py:461 Applying change: upload charm sysbench from channel latest/edge
[32mINFO    [0m juju.bundle:bundle.py:461 Applying change: upload charm grafana-agent-k8s from channel 1/edge
[32mINFO    [0m juju.bundle:bundle.py:461 Applying change: upload charm pgbouncer-k8s from channel 1/edge
[32mINFO    [0m juju.bundle:bundle.py:461 Applying change: upload charm postgresql-k8s from channel 14/edge
[32mINFO    [0m juju.bundle:bundle.py:461 Applying change: deploy application data-integrator with 1 unit using $addCharm-0
[32mINFO    [0m juju.model:__init__.py:2301 Deploying ch:amd64/noble/data-integrator-289
[32mINFO    [0m juju.bundle:bundle.py:461 Applying change: deploy application postgresql-k8s with 2 units using $addCharm-9
[32mINFO    [0m juju.model:__init__.py:2301 Deploying ch:amd64/jammy/postgresql-k8s-684
[32mINFO    [0m juju.bundle:bundle.py:461 Applying change: deploy application postgresql-test-app with 1 unit using $addCharm-12
[32mINFO    [0m juju.model:__init__.py:2301 Deploying ch:amd64/jammy/postgresql-test-app-414
[32mINFO    [0m juju.bundle:bundle.py:461 Applying change: deploy application s3-integrator with 1 unit using $addCharm-15
[32mINFO    [0m juju.model:__init__.py:2301 Deploying ch:amd64/noble/s3-integrator-188
[32mINFO    [0m juju.bundle:bundle.py:461 Applying change: deploy application self-signed-certificates with 1 unit using $addCharm-18
[32mINFO    [0m juju.model:__init__.py:2301 Deploying ch:amd64/jammy/self-signed-certificates-419
[32mINFO    [0m juju.bundle:bundle.py:461 Applying change: deploy application sysbench with 1 unit using $addCharm-21
[32mINFO    [0m juju.model:__init__.py:2301 Deploying ch:amd64/jammy/sysbench-209
[32mINFO    [0m juju.bundle:bundle.py:461 Applying change: deploy application grafana-agent-k8s with 1 unit using $addCharm-3
[32mINFO    [0m juju.model:__init__.py:2301 Deploying ch:amd64/jammy/grafana-agent-k8s-168
[32mINFO    [0m juju.bundle:bundle.py:461 Applying change: deploy application pgbouncer-k8s with 1 unit using $addCharm-6
[32mINFO    [0m juju.model:__init__.py:2301 Deploying ch:amd64/jammy/pgbouncer-k8s-488
[32mINFO    [0m juju.bundle:bundle.py:461 Applying change: add relation $deploy-7:backend-database - $deploy-10:database
[32mINFO    [0m juju.bundle:bundle.py:929 Relating pgbouncer-k8s:backend-database <-> postgresql-k8s:database
[33mWARNING [0m juju.model:__init__.py:1683 relate is deprecated and will be removed. Use integrate instead.
[32mINFO    [0m juju.bundle:bundle.py:461 Applying change: add relation $deploy-10:certificates - $deploy-19:certificates
[32mINFO    [0m juju.bundle:bundle.py:929 Relating postgresql-k8s:certificates <-> self-signed-certificates:certificates
[33mWARNING [0m juju.model:__init__.py:1683 relate is deprecated and will be removed. Use integrate instead.
[32mINFO    [0m juju.bundle:bundle.py:461 Applying change: add relation $deploy-7:certificates - $deploy-19:certificates
[32mINFO    [0m juju.bundle:bundle.py:929 Relating pgbouncer-k8s:certificates <-> self-signed-certificates:certificates
[33mWARNING [0m juju.model:__init__.py:1683 relate is deprecated and will be removed. Use integrate instead.
[32mINFO    [0m juju.bundle:bundle.py:461 Applying change: add relation $deploy-7:metrics-endpoint - $deploy-4:metrics-endpoint
[32mINFO    [0m juju.bundle:bundle.py:929 Relating pgbouncer-k8s:metrics-endpoint <-> grafana-agent-k8s:metrics-endpoint
[33mWARNING [0m juju.model:__init__.py:1683 relate is deprecated and will be removed. Use integrate instead.
[32mINFO    [0m juju.bundle:bundle.py:461 Applying change: add relation $deploy-10:metrics-endpoint - $deploy-4:metrics-endpoint
[32mINFO    [0m juju.bundle:bundle.py:929 Relating postgresql-k8s:metrics-endpoint <-> grafana-agent-k8s:metrics-endpoint
[33mWARNING [0m juju.model:__init__.py:1683 relate is deprecated and will be removed. Use integrate instead.
[32mINFO    [0m juju.bundle:bundle.py:461 Applying change: add relation $deploy-7:logging - $deploy-4:logging-provider
[32mINFO    [0m juju.bundle:bundle.py:929 Relating pgbouncer-k8s:logging <-> grafana-agent-k8s:logging-provider
[33mWARNING [0m juju.model:__init__.py:1683 relate is deprecated and will be removed. Use integrate instead.
[32mINFO    [0m juju.bundle:bundle.py:461 Applying change: add relation $deploy-10:logging - $deploy-4:logging-provider
[32mINFO    [0m juju.bundle:bundle.py:929 Relating postgresql-k8s:logging <-> grafana-agent-k8s:logging-provider
[33mWARNING [0m juju.model:__init__.py:1683 relate is deprecated and will be removed. Use integrate instead.
[32mINFO    [0m juju.bundle:bundle.py:461 Applying change: add relation $deploy-7:grafana-dashboard - $deploy-4:grafana-dashboards-consumer
[32mINFO    [0m juju.bundle:bundle.py:929 Relating pgbouncer-k8s:grafana-dashboard <-> grafana-agent-k8s:grafana-dashboards-consumer
[33mWARNING [0m juju.model:__init__.py:1683 relate is deprecated and will be removed. Use integrate instead.
[32mINFO    [0m juju.bundle:bundle.py:461 Applying change: add relation $deploy-10:grafana-dashboard - $deploy-4:grafana-dashboards-consumer
[32mINFO    [0m juju.bundle:bundle.py:929 Relating postgresql-k8s:grafana-dashboard <-> grafana-agent-k8s:grafana-dashboards-consumer
[33mWARNING [0m juju.model:__init__.py:1683 relate is deprecated and will be removed. Use integrate instead.
[32mINFO    [0m juju.bundle:bundle.py:461 Applying change: add relation $deploy-7:database - $deploy-1:postgresql
[32mINFO    [0m juju.bundle:bundle.py:929 Relating pgbouncer-k8s:database <-> data-integrator:postgresql
[33mWARNING [0m juju.model:__init__.py:1683 relate is deprecated and will be removed. Use integrate instead.
[32mINFO    [0m juju.bundle:bundle.py:461 Applying change: add relation $deploy-7:database - $deploy-13:database
[32mINFO    [0m juju.bundle:bundle.py:929 Relating pgbouncer-k8s:database <-> postgresql-test-app:database
[33mWARNING [0m juju.model:__init__.py:1683 relate is deprecated and will be removed. Use integrate instead.
[32mINFO    [0m juju.bundle:bundle.py:461 Applying change: add relation $deploy-10:database - $deploy-22:postgresql
[32mINFO    [0m juju.bundle:bundle.py:929 Relating postgresql-k8s:database <-> sysbench:postgresql
[33mWARNING [0m juju.model:__init__.py:1683 relate is deprecated and will be removed. Use integrate instead.
[32mINFO    [0m juju.bundle:bundle.py:461 Applying change: set annotations for $deploy-10
[32mINFO    [0m juju.bundle:bundle.py:461 Applying change: set annotations for $deploy-13
[32mINFO    [0m juju.bundle:bundle.py:461 Applying change: set annotations for $deploy-16
[32mINFO    [0m juju.bundle:bundle.py:461 Applying change: set annotations for $deploy-1
[32mINFO    [0m juju.bundle:bundle.py:461 Applying change: set annotations for $deploy-19
[32mINFO    [0m juju.bundle:bundle.py:461 Applying change: set annotations for $deploy-22
[32mINFO    [0m juju.bundle:bundle.py:461 Applying change: set annotations for $deploy-4
[32mINFO    [0m juju.bundle:bundle.py:461 Applying change: set annotations for $deploy-7
[32mINFO    [0m juju.model:__init__.py:3254 Waiting for model:
  pgbouncer-k8s/0 [allocating] waiting: installing agent
  postgresql-k8s/0 [allocating] waiting: installing agent
  postgresql-k8s/1 [allocating] waiting: installing agent
  postgresql-test-app/0 [allocating] waiting: installing agent
  self-signed-certificates/0 [allocating] waiting: installing agent
  sysbench/0 [allocating] waiting: installing agent
[32mINFO    [0m juju.model:__init__.py:3254 Waiting for model:
  pgbouncer-k8s/0 [allocating] waiting: installing agent
  postgresql-k8s/0 [allocating] waiting: installing agent
  postgresql-k8s/1 [allocating] waiting: installing agent
  postgresql-test-app/0 [allocating] waiting: installing agent
  self-signed-certificates/0 [allocating] waiting: installing agent
  sysbench/0 [allocating] waiting: installing agent
[32mINFO    [0m juju.model:__init__.py:3254 Waiting for model:
  pgbouncer-k8s/0 [allocating] waiting: installing agent
  postgresql-k8s/0 [executing] maintenance: installing charm software
  postgresql-k8s/1 [allocating] waiting: agent initialising
  postgresql-test-app/0 [idle] blocked: No database integration available
  self-signed-certificates/0 [executing] maintenance: installing charm software
  sysbench/0 [idle] maintenance: Installing...
[32mINFO    [0m juju.model:__init__.py:3254 Waiting for model:
  pgbouncer-k8s/0 [executing] maintenance: installing charm software
  postgresql-k8s/0 [executing] maintenance: installing charm software
  postgresql-k8s/1 [executing] maintenance: installing charm software
  postgresql-test-app/0 [idle] blocked: No database integration available
  self-signed-certificates/0 [executing] active: 
  sysbench/0 [idle] maintenance: Installing...
[32mINFO    [0m juju.model:__init__.py:3254 Waiting for model:
  pgbouncer-k8s/0 [executing] blocked: waiting for backend database relation to initialise
  postgresql-k8s/0 [executing] waiting: awaiting for cluster to start
  postgresql-k8s/1 [idle] unknown: 
  postgresql-test-app/0 [idle] blocked: No database integration available
  sysbench/0 [idle] waiting: Waiting on data from relation
[32mINFO    [0m juju.model:__init__.py:3254 Waiting for model:
  pgbouncer-k8s/0 [executing] waiting: waiting for backend-database relation to connect
  postgresql-k8s/0 [executing] waiting: awaiting for primary endpoint to be ready
  postgresql-k8s/1 [executing] unknown: 
  postgresql-test-app/0 [idle] blocked: No database integration available
  self-signed-certificates/0 [idle] active: 
  sysbench/0 [idle] waiting: Waiting on data from relation
[32mINFO    [0m juju.model:__init__.py:3254 Waiting for model:
  pgbouncer-k8s/0 [executing] active: 
  postgresql-k8s/0 [executing] active: Primary (degraded)
  postgresql-k8s/1 [idle] unknown: 
  postgresql-test-app/0 [idle] blocked: No database integration available
  sysbench/0 [idle] waiting: Waiting on data from relation
[32mINFO    [0m juju.model:__init__.py:3254 Waiting for model:
  pgbouncer-k8s/0 [executing] active: 
  postgresql-k8s/0 [idle] maintenance: Executing restart operation
  postgresql-k8s/1 [idle] waiting: awaiting for cluster to start
  postgresql-test-app/0 [idle] blocked: No database integration available
  self-signed-certificates/0 [idle] active: 
  sysbench/0 [idle] waiting: Waiting on data from relation
[32mINFO    [0m juju.model:__init__.py:3254 Waiting for model:
  pgbouncer-k8s/0 [executing] active: 
  postgresql-k8s/0 [executing] active: Primary (degraded)
  postgresql-k8s/1 [executing] waiting: awaiting for cluster to start
  sysbench/0 [idle] active: 
[32mINFO    [0m juju.model:__init__.py:3254 Waiting for model:
  pgbouncer-k8s/0 [executing] active: 
  postgresql-k8s/0 [executing] active: Primary (degraded)
  postgresql-k8s/1 [executing] waiting: awaiting for member to start
  sysbench/0 [idle] active: 
[32mINFO    [0m juju.model:__init__.py:3254 Waiting for model:
  postgresql-k8s/0 [idle] active: Primary
  postgresql-k8s/1 [idle] active: 
[32mINFO    [0m juju.model:__init__.py:3254 Waiting for model:
  data-integrator/0 [idle] blocked: Please specify either topic, index, database name, or prefix
  grafana-agent-k8s/0 [idle] blocked: Missing ['grafana-cloud-config']|['grafana-dashboards-provider'] for grafana-dashboards-consumer; ['grafana-cloud-config']|['logging-consumer'] for logging-provider; ['grafana-cloud-config']|['send-remote-write'] for metrics-endpoint
  s3-integrator/0 [idle] blocked: Missing parameters: ['access-key', 'secret-key']
[32mINFO    [0m integration.test_smoke:test_smoke.py:44 Test continuous writes
[32mINFO    [0m pytest_operator.plugin:plugin.py:951 Model status:

Model  Controller          Cloud/Region        Version  SLA          Timestamp
test   microk8s-localhost  microk8s/localhost  3.6.11   unsupported  01:31:25Z

App                       Version  Status   Scale  Charm                     Channel      Rev  Address         Exposed  Message
data-integrator                    blocked      1  data-integrator           latest/edge  289  10.152.183.93   no       Please specify either topic, index, database name, or prefix
grafana-agent-k8s         0.40.4   blocked      1  grafana-agent-k8s         1/edge       168  10.152.183.118  no       Missing ['grafana-cloud-config']|['grafana-dashboards-provider'] for grafana-dashboards-consumer; ['grafana-cloud-con...
pgbouncer-k8s             1.21.0   active       1  pgbouncer-k8s             1/edge       488  10.152.183.159  no       
postgresql-k8s            14.19    active       2  postgresql-k8s            14/edge      684  10.152.183.29   no       
postgresql-test-app                active       1  postgresql-test-app       latest/edge  414  10.152.183.75   no       received database credentials of the first database
s3-integrator                      blocked      1  s3-integrator             latest/edge  188  10.152.183.36   no       Missing parameters: ['access-key', 'secret-key']
self-signed-certificates           active       1  self-signed-certificates  latest/edge  419  10.152.183.53   no       
sysbench                           active       1  sysbench                  latest/edge  209  10.152.183.227  no       

Unit                         Workload  Agent  Address      Ports  Message
data-integrator/0*           blocked   idle   10.1.184.72         Please specify either topic, index, database name, or prefix
grafana-agent-k8s/0*         blocked   idle   10.1.184.85         Missing ['grafana-cloud-config']|['grafana-dashboards-provider'] for grafana-dashboards-consumer; ['grafana-cloud-con...
pgbouncer-k8s/0*             active    idle   10.1.184.84         
postgresql-k8s/0*            active    idle   10.1.184.79         Primary
postgresql-k8s/1             active    idle   10.1.184.80         
postgresql-test-app/0*       active    idle   10.1.184.76         received database credentials of the first database
s3-integrator/0*             blocked   idle   10.1.184.82         Missing parameters: ['access-key', 'secret-key']
self-signed-certificates/0*  active    idle   10.1.184.81         
sysbench/0*                  active    idle   10.1.184.75         

[32mINFO    [0m pytest_operator.plugin:plugin.py:957 Juju error logs:

unit-postgresql-k8s-1: 01:29:08 ERROR unit.postgresql-k8s/1.juju-log pgdata folder not found in /var/lib/postgresql/data/pgdata
unit-postgresql-k8s-1: 01:29:15 ERROR unit.postgresql-k8s/1.juju-log Uncaught exception while in charm code:
Traceback (most recent call last):
  File "/var/lib/juju/agents/unit-postgresql-k8s-1/charm/venv/lib/python3.10/site-packages/websocket/_socket.py", line 118, in recv
    bytes_ = _recv()
  File "/var/lib/juju/agents/unit-postgresql-k8s-1/charm/venv/lib/python3.10/site-packages/websocket/_socket.py", line 97, in _recv
    return sock.recv(bufsize)
TimeoutError: timed out

During handling of the above exception, another exception occurred:

Traceback (most recent call last):
  File "/var/lib/juju/agents/unit-postgresql-k8s-1/charm/venv/lib/python3.10/site-packages/ops/pebble.py", line 3132, in exec
    control_ws = self._connect_websocket(task_id, 'control')
  File "/var/lib/juju/agents/unit-postgresql-k8s-1/charm/venv/lib/python3.10/site-packages/ops/pebble.py", line 3224, in _connect_websocket
    ws.connect(url, socket=sock)
  File "/var/lib/juju/agents/unit-postgresql-k8s-1/charm/venv/lib/python3.10/site-packages/websocket/_core.py", line 261, in connect
    self.handshake_response = handshake(self.sock, url, *addrs, **options)
  File "/var/lib/juju/agents/unit-postgresql-k8s-1/charm/venv/lib/python3.10/site-packages/websocket/_handshake.py", line 65, in handshake
    status, resp = _get_resp_headers(sock)
  File "/var/lib/juju/agents/unit-postgresql-k8s-1/charm/venv/lib/python3.10/site-packages/websocket/_handshake.py", line 141, in _get_resp_headers
    status, resp_headers, status_message = read_headers(sock)
  File "/var/lib/juju/agents/unit-postgresql-k8s-1/charm/venv/lib/python3.10/site-packages/websocket/_http.py", line 351, in read_headers
    line = recv_line(sock)
  File "/var/lib/juju/agents/unit-postgresql-k8s-1/charm/venv/lib/python3.10/site-packages/websocket/_socket.py", line 140, in recv_line
    c = recv(sock, 1)
  File "/var/lib/juju/agents/unit-postgresql-k8s-1/charm/venv/lib/python3.10/site-packages/websocket/_socket.py", line 120, in recv
    raise WebSocketTimeoutException("Connection timed out")
websocket._exceptions.WebSocketTimeoutException: Connection timed out

The above exception was the direct cause of the following exception:

Traceback (most recent call last):
  File "/var/lib/juju/agents/unit-postgresql-k8s-1/charm/src/charm.py", line 2529, in <module>
    main(PostgresqlOperatorCharm, use_juju_for_storage=True)
  File "/var/lib/juju/agents/unit-postgresql-k8s-1/charm/venv/lib/python3.10/site-packages/ops/__init__.py", line 356, in __call__
    return _main.main(charm_class=charm_class, use_juju_for_storage=use_juju_for_storage)
  File "/var/lib/juju/agents/unit-postgresql-k8s-1/charm/venv/lib/python3.10/site-packages/ops/_main.py", line 502, in main
    manager.run()
  File "/var/lib/juju/agents/unit-postgresql-k8s-1/charm/venv/lib/python3.10/site-packages/ops/_main.py", line 486, in run
    self._emit()
  File "/var/lib/juju/agents/unit-postgresql-k8s-1/charm/venv/lib/python3.10/site-packages/ops/_main.py", line 418, in _emit
    self.framework.reemit()
  File "/var/lib/juju/agents/unit-postgresql-k8s-1/charm/venv/lib/python3.10/site-packages/ops/framework.py", line 934, in reemit
    self._reemit()
  File "/var/lib/juju/agents/unit-postgresql-k8s-1/charm/venv/lib/python3.10/site-packages/ops/framework.py", line 1030, in _reemit
    custom_handler(event)
  File "/var/lib/juju/agents/unit-postgresql-k8s-1/charm/lib/charms/tempo_coordinator_k8s/v0/charm_tracing.py", line 1153, in wrapped_function
    return callable(*args, **kwargs)  # type: ignore
  File "/var/lib/juju/agents/unit-postgresql-k8s-1/charm/src/charm.py", line 1003, in _on_postgresql_pebble_ready
    self.push_tls_files_to_workload()
  File "/var/lib/juju/agents/unit-postgresql-k8s-1/charm/lib/charms/tempo_coordinator_k8s/v0/charm_tracing.py", line 1153, in wrapped_function
    return callable(*args, **kwargs)  # type: ignore
  File "/var/lib/juju/agents/unit-postgresql-k8s-1/charm/src/charm.py", line 1874, in push_tls_files_to_workload
    container.exec(["update-ca-certificates"]).wait()
  File "/var/lib/juju/agents/unit-postgresql-k8s-1/charm/venv/lib/python3.10/site-packages/ops/model.py", line 3289, in exec
    return self._pebble.exec(
  File "/var/lib/juju/agents/unit-postgresql-k8s-1/charm/venv/lib/python3.10/site-packages/ops/pebble.py", line 3141, in exec
    raise ChangeError(change.err, change) from e
ops.pebble.ChangeError: cannot perform the following tasks:
- Execute command "update-ca-certificates" (exec 68: timeout waiting for websocket connections: context deadline exceeded)
----- Logs from task 0 -----
2025-11-12T01:29:15Z ERROR exec 68: timeout waiting for websocket connections: context deadline exceeded
-----
unit-postgresql-k8s-1: 01:29:15 ERROR juju.worker.uniter.operation hook "postgresql-pebble-check-failed" (via hook dispatching script: dispatch) failed: exit status 1
unit-postgresql-k8s-1: 01:29:15 ERROR juju.worker.dependency "uniter" manifold worker returned unexpected error: failed to send event for change-update notice, key "35": hook failed

[32mINFO    [0m pytest_operator.plugin:plugin.py:1039 Forgetting model main...