[32mINFO    [0m pytest_operator.plugin:plugin.py:766 Connecting to existing model microk8s-localhost:test on unspecified cloud
[32mINFO    [0m juju.bundle:bundle.py:416 Applying change: upload charm data-integrator from channel latest/edge
[32mINFO    [0m juju.bundle:bundle.py:416 Applying change: upload charm postgresql-test-app from channel latest/edge
[32mINFO    [0m juju.bundle:bundle.py:416 Applying change: upload charm s3-integrator from channel latest/edge
[32mINFO    [0m juju.bundle:bundle.py:416 Applying change: upload charm self-signed-certificates from channel latest/edge
[32mINFO    [0m juju.bundle:bundle.py:416 Applying change: upload charm sysbench from channel latest/edge
[32mINFO    [0m juju.bundle:bundle.py:416 Applying change: upload charm grafana-agent-k8s from channel latest/edge
[32mINFO    [0m juju.bundle:bundle.py:416 Applying change: upload charm pgbouncer-k8s from channel 1/edge
[32mINFO    [0m juju.bundle:bundle.py:416 Applying change: upload charm postgresql-k8s from channel 14/edge
[32mINFO    [0m juju.bundle:bundle.py:416 Applying change: deploy application data-integrator with 1 unit using $addCharm-0
[32mINFO    [0m juju.model:model.py:2098 Deploying ch:amd64/jammy/data-integrator-72
[32mINFO    [0m juju.bundle:bundle.py:416 Applying change: deploy application postgresql-k8s with 2 units using $addCharm-9
[32mINFO    [0m juju.model:model.py:2098 Deploying ch:amd64/jammy/postgresql-k8s-437
[32mINFO    [0m juju.bundle:bundle.py:416 Applying change: deploy application postgresql-test-app with 1 unit using $addCharm-12
[32mINFO    [0m juju.model:model.py:2098 Deploying ch:amd64/jammy/postgresql-test-app-275
[32mINFO    [0m juju.bundle:bundle.py:416 Applying change: deploy application s3-integrator with 1 unit using $addCharm-15
[32mINFO    [0m juju.model:model.py:2098 Deploying ch:amd64/jammy/s3-integrator-73
[32mINFO    [0m juju.bundle:bundle.py:416 Applying change: deploy application self-signed-certificates with 1 unit using $addCharm-18
[32mINFO    [0m juju.model:model.py:2098 Deploying ch:amd64/jammy/self-signed-certificates-202
[32mINFO    [0m juju.bundle:bundle.py:416 Applying change: deploy application sysbench with 1 unit using $addCharm-21
[32mINFO    [0m juju.model:model.py:2098 Deploying ch:amd64/jammy/sysbench-101
[32mINFO    [0m juju.bundle:bundle.py:416 Applying change: deploy application grafana-agent-k8s with 1 unit using $addCharm-3
[32mINFO    [0m juju.model:model.py:2098 Deploying ch:amd64/jammy/grafana-agent-k8s-95
[32mINFO    [0m juju.bundle:bundle.py:416 Applying change: deploy application pgbouncer-k8s with 1 unit using $addCharm-6
[32mINFO    [0m juju.model:model.py:2098 Deploying ch:amd64/jammy/pgbouncer-k8s-337
[32mINFO    [0m juju.bundle:bundle.py:416 Applying change: add relation $deploy-7:backend-database - $deploy-10:database
[32mINFO    [0m juju.bundle:bundle.py:865 Relating pgbouncer-k8s:backend-database <-> postgresql-k8s:database
[33mWARNING [0m juju.model:model.py:1564 relate is deprecated and will be removed. Use integrate instead.
[32mINFO    [0m juju.bundle:bundle.py:416 Applying change: add relation $deploy-10:certificates - $deploy-19:certificates
[32mINFO    [0m juju.bundle:bundle.py:865 Relating postgresql-k8s:certificates <-> self-signed-certificates:certificates
[33mWARNING [0m juju.model:model.py:1564 relate is deprecated and will be removed. Use integrate instead.
[32mINFO    [0m juju.bundle:bundle.py:416 Applying change: add relation $deploy-7:certificates - $deploy-19:certificates
[32mINFO    [0m juju.bundle:bundle.py:865 Relating pgbouncer-k8s:certificates <-> self-signed-certificates:certificates
[33mWARNING [0m juju.model:model.py:1564 relate is deprecated and will be removed. Use integrate instead.
[32mINFO    [0m juju.bundle:bundle.py:416 Applying change: add relation $deploy-7:metrics-endpoint - $deploy-4:metrics-endpoint
[32mINFO    [0m juju.bundle:bundle.py:865 Relating pgbouncer-k8s:metrics-endpoint <-> grafana-agent-k8s:metrics-endpoint
[33mWARNING [0m juju.model:model.py:1564 relate is deprecated and will be removed. Use integrate instead.
[32mINFO    [0m juju.bundle:bundle.py:416 Applying change: add relation $deploy-10:metrics-endpoint - $deploy-4:metrics-endpoint
[32mINFO    [0m juju.bundle:bundle.py:865 Relating postgresql-k8s:metrics-endpoint <-> grafana-agent-k8s:metrics-endpoint
[33mWARNING [0m juju.model:model.py:1564 relate is deprecated and will be removed. Use integrate instead.
[32mINFO    [0m juju.bundle:bundle.py:416 Applying change: add relation $deploy-7:logging - $deploy-4:logging-provider
[32mINFO    [0m juju.bundle:bundle.py:865 Relating pgbouncer-k8s:logging <-> grafana-agent-k8s:logging-provider
[33mWARNING [0m juju.model:model.py:1564 relate is deprecated and will be removed. Use integrate instead.
[32mINFO    [0m juju.bundle:bundle.py:416 Applying change: add relation $deploy-10:logging - $deploy-4:logging-provider
[32mINFO    [0m juju.bundle:bundle.py:865 Relating postgresql-k8s:logging <-> grafana-agent-k8s:logging-provider
[33mWARNING [0m juju.model:model.py:1564 relate is deprecated and will be removed. Use integrate instead.
[32mINFO    [0m juju.bundle:bundle.py:416 Applying change: add relation $deploy-7:grafana-dashboard - $deploy-4:grafana-dashboards-consumer
[32mINFO    [0m juju.bundle:bundle.py:865 Relating pgbouncer-k8s:grafana-dashboard <-> grafana-agent-k8s:grafana-dashboards-consumer
[33mWARNING [0m juju.model:model.py:1564 relate is deprecated and will be removed. Use integrate instead.
[32mINFO    [0m juju.bundle:bundle.py:416 Applying change: add relation $deploy-10:grafana-dashboard - $deploy-4:grafana-dashboards-consumer
[32mINFO    [0m juju.bundle:bundle.py:865 Relating postgresql-k8s:grafana-dashboard <-> grafana-agent-k8s:grafana-dashboards-consumer
[33mWARNING [0m juju.model:model.py:1564 relate is deprecated and will be removed. Use integrate instead.
[32mINFO    [0m juju.bundle:bundle.py:416 Applying change: add relation $deploy-7:database - $deploy-1:postgresql
[32mINFO    [0m juju.bundle:bundle.py:865 Relating pgbouncer-k8s:database <-> data-integrator:postgresql
[33mWARNING [0m juju.model:model.py:1564 relate is deprecated and will be removed. Use integrate instead.
[32mINFO    [0m juju.bundle:bundle.py:416 Applying change: add relation $deploy-7:database - $deploy-13:database
[32mINFO    [0m juju.bundle:bundle.py:865 Relating pgbouncer-k8s:database <-> postgresql-test-app:database
[33mWARNING [0m juju.model:model.py:1564 relate is deprecated and will be removed. Use integrate instead.
[32mINFO    [0m juju.bundle:bundle.py:416 Applying change: add relation $deploy-10:database - $deploy-22:postgresql
[32mINFO    [0m juju.bundle:bundle.py:865 Relating postgresql-k8s:database <-> sysbench:postgresql
[33mWARNING [0m juju.model:model.py:1564 relate is deprecated and will be removed. Use integrate instead.
[32mINFO    [0m juju.bundle:bundle.py:416 Applying change: set annotations for $deploy-10
[32mINFO    [0m juju.bundle:bundle.py:416 Applying change: set annotations for $deploy-13
[32mINFO    [0m juju.bundle:bundle.py:416 Applying change: set annotations for $deploy-16
[32mINFO    [0m juju.bundle:bundle.py:416 Applying change: set annotations for $deploy-1
[32mINFO    [0m juju.bundle:bundle.py:416 Applying change: set annotations for $deploy-19
[32mINFO    [0m juju.bundle:bundle.py:416 Applying change: set annotations for $deploy-22
[32mINFO    [0m juju.bundle:bundle.py:416 Applying change: set annotations for $deploy-4
[32mINFO    [0m juju.bundle:bundle.py:416 Applying change: set annotations for $deploy-7
[32mINFO    [0m juju.model:model.py:2972 Waiting for model:
  pgbouncer-k8s/0 [allocating] waiting: installing agent
  postgresql-k8s/0 [allocating] waiting: installing agent
  postgresql-k8s/1 [allocating] waiting: installing agent
  postgresql-test-app/0 [allocating] waiting: installing agent
  self-signed-certificates/0 [allocating] waiting: installing agent
  sysbench/0 [allocating] waiting: installing agent
[32mINFO    [0m juju.model:model.py:2972 Waiting for model:
  pgbouncer-k8s/0 [allocating] waiting: installing agent
  postgresql-k8s/0 [allocating] waiting: installing agent
  postgresql-k8s/1 [allocating] waiting: installing agent
  postgresql-test-app/0 [allocating] waiting: installing agent
  self-signed-certificates/0 [allocating] waiting: installing agent
  sysbench/0 [allocating] waiting: installing agent
[32mINFO    [0m juju.model:model.py:2972 Waiting for model:
  pgbouncer-k8s/0 [allocating] waiting: agent initialising
  postgresql-k8s/0 [allocating] waiting: agent initialising
  postgresql-k8s/1 [allocating] waiting: agent initialising
  postgresql-test-app/0 [idle] active: 
  self-signed-certificates/0 [executing] active: 
  sysbench/0 [executing] maintenance: Installing...
[32mINFO    [0m juju.model:model.py:2972 Waiting for model:
  pgbouncer-k8s/0 [executing] maintenance: installing charm software
  postgresql-k8s/0 [executing] maintenance: installing charm software
  postgresql-k8s/1 [executing] maintenance: installing charm software
  postgresql-test-app/0 [idle] active: 
  self-signed-certificates/0 [idle] active: 
  sysbench/0 [executing] maintenance: Installing...
[32mINFO    [0m juju.model:model.py:2972 Waiting for model:
  pgbouncer-k8s/0 [executing] blocked: waiting for backend database relation to initialise
  postgresql-k8s/0 [executing] unknown: 
  postgresql-k8s/1 [executing] waiting: awaiting for cluster to start
  sysbench/0 [idle] waiting: Waiting on data from relation
[32mINFO    [0m juju.model:model.py:2972 Waiting for model:
  pgbouncer-k8s/0 [executing] waiting: waiting for backend-database relation to connect
  postgresql-k8s/0 [executing] unknown: 
  postgresql-k8s/1 [executing] waiting: awaiting for primary endpoint to be ready
  postgresql-test-app/0 [idle] active: 
  sysbench/0 [idle] waiting: Waiting on data from relation
[32mINFO    [0m juju.model:model.py:2972 Waiting for model:
  pgbouncer-k8s/0 [idle] blocked: waiting for backend database relation to initialise
  postgresql-k8s/0 [executing] unknown: 
  postgresql-k8s/1 [executing] waiting: awaiting for primary endpoint to be ready
  sysbench/0 [idle] waiting: Waiting on data from relation
[32mINFO    [0m juju.model:model.py:2972 Waiting for model:
  pgbouncer-k8s/0 [idle] blocked: waiting for backend database relation to initialise
  postgresql-k8s/0 [idle] unknown: 
  postgresql-k8s/1 [idle] waiting: awaiting for primary endpoint to be ready
  sysbench/0 [idle] waiting: Waiting on data from relation
[32mINFO    [0m juju.model:model.py:2972 Waiting for model:
  pgbouncer-k8s/0 [idle] blocked: waiting for backend database relation to initialise
  postgresql-k8s/0 [executing] unknown: 
  postgresql-k8s/1 [executing] active: Primary
  sysbench/0 [idle] waiting: Waiting on data from relation
[32mINFO    [0m juju.model:model.py:2972 Waiting for model:
  pgbouncer-k8s/0 [executing] active: 
  postgresql-k8s/0 [executing] waiting: awaiting for cluster to start
  postgresql-k8s/1 [executing] active: Primary
  sysbench/0 [idle] active: 
[32mINFO    [0m juju.model:model.py:2972 Waiting for model:
  postgresql-k8s/0 [executing] waiting: awaiting for cluster to start
  postgresql-k8s/1 [idle] maintenance: Executing restart operation
  self-signed-certificates/0 [idle] active: 
[32mINFO    [0m juju.model:model.py:2972 Waiting for model:
  pgbouncer-k8s/0 [idle] active: 
  postgresql-k8s/0 [idle] waiting: awaiting for cluster to start
  postgresql-k8s/1 [idle] active: Primary
[32mINFO    [0m juju.model:model.py:2972 Waiting for model:
  postgresql-k8s/0 [idle] waiting: awaiting for cluster to start
  postgresql-k8s/1 [executing] active: Primary
[32mINFO    [0m juju.model:model.py:2972 Waiting for model:
  postgresql-k8s/0 [idle] waiting: awaiting for cluster to start
  postgresql-k8s/1 [idle] maintenance: reconfiguring cluster
[32mINFO    [0m juju.model:model.py:2972 Waiting for model:
  postgresql-k8s/0 [idle] waiting: awaiting for member to start
  postgresql-k8s/1 [idle] active: Primary
[32mINFO    [0m juju.model:model.py:2972 Waiting for model:
  postgresql-k8s/0 [idle] active: 
  postgresql-k8s/1 [idle] active: Primary
[32mINFO    [0m juju.model:model.py:2972 Waiting for model:
  data-integrator/0 [idle] blocked: Please specify either topic, index, or database name
  grafana-agent-k8s/0 [idle] blocked: Missing ['grafana-cloud-config']|['grafana-dashboards-provider'] for grafana-dashboards-consumer; ['grafana-cloud-config']|['logging-consumer'] for logging-provider; ['grafana-cloud-config']|['send-remote-write'] for metrics-endpoint
  s3-integrator/0 [idle] blocked: Missing parameters: ['access-key', 'secret-key']
[32mINFO    [0m integration.test_smoke:test_smoke.py:44 Test continuous writes
[32mINFO    [0m pytest_operator.plugin:plugin.py:903 Model status:

Model  Controller          Cloud/Region        Version  SLA          Timestamp
test   microk8s-localhost  microk8s/localhost  3.5.4    unsupported  01:31:57Z

App                       Version  Status   Scale  Charm                     Channel      Rev  Address         Exposed  Message
data-integrator                    blocked      1  data-integrator           latest/edge   72  10.152.183.101  no       Please specify either topic, index, or database name
grafana-agent-k8s         0.40.4   blocked      1  grafana-agent-k8s         latest/edge   95  10.152.183.204  no       Missing ['grafana-cloud-config']|['grafana-dashboards-provider'] for grafana-dashboards-consumer; ['grafana-cloud-con...
pgbouncer-k8s             1.21.0   active       1  pgbouncer-k8s             1/edge       337  10.152.183.183  no       
postgresql-k8s            14.13    active       2  postgresql-k8s            14/edge      437  10.152.183.211  no       
postgresql-test-app                active       1  postgresql-test-app       latest/edge  275  10.152.183.68   no       received database credentials of the first database
s3-integrator                      blocked      1  s3-integrator             latest/edge   73  10.152.183.231  no       Missing parameters: ['access-key', 'secret-key']
self-signed-certificates           active       1  self-signed-certificates  latest/edge  202  10.152.183.46   no       
sysbench                           active       1  sysbench                  latest/edge  101  10.152.183.182  no       

Unit                         Workload  Agent  Address     Ports  Message
data-integrator/0*           blocked   idle   10.1.95.72         Please specify either topic, index, or database name
grafana-agent-k8s/0*         blocked   idle   10.1.95.83         Missing ['grafana-cloud-config']|['grafana-dashboards-provider'] for grafana-dashboards-consumer; ['grafana-cloud-con...
pgbouncer-k8s/0*             active    idle   10.1.95.82         
postgresql-k8s/0             active    idle   10.1.95.78         
postgresql-k8s/1*            active    idle   10.1.95.79         Primary
postgresql-test-app/0*       active    idle   10.1.95.73         received database credentials of the first database
s3-integrator/0*             blocked   idle   10.1.95.76         Missing parameters: ['access-key', 'secret-key']
self-signed-certificates/0*  active    idle   10.1.95.77         
sysbench/0*                  active    idle   10.1.95.80         

[32mINFO    [0m pytest_operator.plugin:plugin.py:909 Juju error logs:

unit-postgresql-k8s-0: 01:24:59 ERROR unit.postgresql-k8s/0.juju-log Uncaught exception while in charm code:
Traceback (most recent call last):
  File "/var/lib/juju/agents/unit-postgresql-k8s-0/charm/venv/ops/model.py", line 3319, in _run
    result = subprocess.run(args, **kwargs)  # type: ignore
  File "/usr/lib/python3.10/subprocess.py", line 526, in run
    raise CalledProcessError(retcode, process.args,
subprocess.CalledProcessError: Command '('/var/lib/juju/tools/unit-postgresql-k8s-0/secret-get', '--label', 'database-peers.postgresql-k8s.app', '--format=json')' returned non-zero exit status 1.

The above exception was the direct cause of the following exception:

Traceback (most recent call last):
  File "/var/lib/juju/agents/unit-postgresql-k8s-0/charm/./src/charm.py", line 2246, in <module>
    main(PostgresqlOperatorCharm, use_juju_for_storage=True)
  File "/var/lib/juju/agents/unit-postgresql-k8s-0/charm/venv/ops/__init__.py", line 343, in __call__
    return _main.main(charm_class=charm_class, use_juju_for_storage=use_juju_for_storage)
  File "/var/lib/juju/agents/unit-postgresql-k8s-0/charm/venv/ops/_main.py", line 543, in main
    manager.run()
  File "/var/lib/juju/agents/unit-postgresql-k8s-0/charm/venv/ops/_main.py", line 529, in run
    self._emit()
  File "/var/lib/juju/agents/unit-postgresql-k8s-0/charm/venv/ops/_main.py", line 518, in _emit
    _emit_charm_event(self.charm, self.dispatcher.event_name, self._juju_context)
  File "/var/lib/juju/agents/unit-postgresql-k8s-0/charm/venv/ops/_main.py", line 134, in _emit_charm_event
    event_to_emit.emit(*args, **kwargs)
  File "/var/lib/juju/agents/unit-postgresql-k8s-0/charm/venv/ops/framework.py", line 347, in emit
    framework._emit(event)
  File "/var/lib/juju/agents/unit-postgresql-k8s-0/charm/venv/ops/framework.py", line 857, in _emit
    self._reemit(event_path)
  File "/var/lib/juju/agents/unit-postgresql-k8s-0/charm/venv/ops/framework.py", line 947, in _reemit
    custom_handler(event)
  File "/var/lib/juju/agents/unit-postgresql-k8s-0/charm/lib/charms/tempo_coordinator_k8s/v0/charm_tracing.py", line 734, in wrapped_function
    return callable(*args, **kwargs)  # type: ignore
  File "/var/lib/juju/agents/unit-postgresql-k8s-0/charm/./src/charm.py", line 935, in _on_postgresql_pebble_ready
    self.unit.set_workload_version(self._patroni.rock_postgresql_version)
  File "/var/lib/juju/agents/unit-postgresql-k8s-0/charm/./src/charm.py", line 1573, in _patroni
    self.get_secret(APP_SCOPE, PATRONI_PASSWORD_KEY),
  File "/var/lib/juju/agents/unit-postgresql-k8s-0/charm/lib/charms/tempo_coordinator_k8s/v0/charm_tracing.py", line 734, in wrapped_function
    return callable(*args, **kwargs)  # type: ignore
  File "/var/lib/juju/agents/unit-postgresql-k8s-0/charm/./src/charm.py", line 352, in get_secret
    return self.peer_relation_data(scope).get_secret(peers.id, secret_key)
  File "/var/lib/juju/agents/unit-postgresql-k8s-0/charm/lib/charms/data_platform_libs/v0/data_interfaces.py", line 521, in wrapper
    return f(self, *args, **kwargs)
  File "/var/lib/juju/agents/unit-postgresql-k8s-0/charm/lib/charms/data_platform_libs/v0/data_interfaces.py", line 2044, in get_secret
    and field not in self.current_secret_fields
  File "/var/lib/juju/agents/unit-postgresql-k8s-0/charm/lib/charms/data_platform_libs/v0/data_interfaces.py", line 2000, in current_secret_fields
    if content := self._get_group_secret_contents(relation, group):
  File "/var/lib/juju/agents/unit-postgresql-k8s-0/charm/lib/charms/data_platform_libs/v0/data_interfaces.py", line 2331, in _get_group_secret_contents
    result = super()._get_group_secret_contents(relation, group, secret_fields)
  File "/var/lib/juju/agents/unit-postgresql-k8s-0/charm/lib/charms/data_platform_libs/v0/data_interfaces.py", line 1123, in _get_group_secret_contents
    if (secret := self._get_relation_secret(relation.id, group)) and (
  File "/var/lib/juju/agents/unit-postgresql-k8s-0/charm/lib/charms/data_platform_libs/v0/data_interfaces.py", line 508, in wrapper
    return f(self, *args, **kwargs)
  File "/var/lib/juju/agents/unit-postgresql-k8s-0/charm/lib/charms/data_platform_libs/v0/data_interfaces.py", line 2318, in _get_relation_secret
    return self.secrets.get(
  File "/var/lib/juju/agents/unit-postgresql-k8s-0/charm/lib/charms/data_platform_libs/v0/data_interfaces.py", line 812, in get
    if secret.meta:
  File "/var/lib/juju/agents/unit-postgresql-k8s-0/charm/lib/charms/data_platform_libs/v0/data_interfaces.py", line 642, in meta
    self._secret_meta = self._model.get_secret(label=self.label)
  File "/var/lib/juju/agents/unit-postgresql-k8s-0/charm/venv/ops/model.py", line 307, in get_secret
    content = self._backend.secret_get(id=id, label=label)
  File "/var/lib/juju/agents/unit-postgresql-k8s-0/charm/venv/ops/model.py", line 3691, in secret_get
    result = self._run('secret-get', *args, return_output=True, use_json=True)
  File "/var/lib/juju/agents/unit-postgresql-k8s-0/charm/venv/ops/model.py", line 3321, in _run
    raise ModelError(e.stderr) from e
ops.model.ModelError: ERROR permission denied

unit-postgresql-k8s-0: 01:24:59 ERROR juju.worker.uniter.operation hook "postgresql-pebble-ready" (via hook dispatching script: dispatch) failed: exit status 1
unit-postgresql-k8s-0: 01:24:59 ERROR juju.worker.uniter pebble poll failed for container "postgresql": failed to send pebble-ready event: hook failed
unit-postgresql-k8s-0: 01:26:11 ERROR unit.postgresql-k8s/0.juju-log certificates:11: This operation (update_relation_data()) can only be performed by the leader unit
unit-postgresql-k8s-0: 01:26:11 ERROR unit.postgresql-k8s/0.juju-log certificates:11: This operation (update_relation_data()) can only be performed by the leader unit
unit-postgresql-k8s-0: 01:26:11 ERROR unit.postgresql-k8s/0.juju-log certificates:11: This operation (update_relation_data()) can only be performed by the leader unit
unit-postgresql-k8s-0: 01:26:11 ERROR unit.postgresql-k8s/0.juju-log certificates:11: This operation (update_relation_data()) can only be performed by the leader unit
unit-postgresql-k8s-0: 01:26:16 ERROR unit.postgresql-k8s/0.juju-log certificates:11: This operation (update_relation_data()) can only be performed by the leader unit
unit-postgresql-k8s-0: 01:26:16 ERROR unit.postgresql-k8s/0.juju-log certificates:11: This operation (update_relation_data()) can only be performed by the leader unit
unit-postgresql-k8s-0: 01:26:16 ERROR unit.postgresql-k8s/0.juju-log certificates:11: This operation (update_relation_data()) can only be performed by the leader unit
unit-postgresql-k8s-0: 01:26:16 ERROR unit.postgresql-k8s/0.juju-log certificates:11: This operation (update_relation_data()) can only be performed by the leader unit
unit-postgresql-k8s-0: 01:27:26 ERROR unit.postgresql-k8s/0.juju-log database-peers:3: This operation (update_relation_data()) can only be performed by the leader unit
unit-postgresql-k8s-0: 01:27:26 ERROR unit.postgresql-k8s/0.juju-log database-peers:3: This operation (update_relation_data()) can only be performed by the leader unit
unit-postgresql-k8s-0: 01:27:26 ERROR unit.postgresql-k8s/0.juju-log database-peers:3: This operation (update_relation_data()) can only be performed by the leader unit
unit-postgresql-k8s-0: 01:27:26 ERROR unit.postgresql-k8s/0.juju-log database-peers:3: This operation (update_relation_data()) can only be performed by the leader unit
unit-postgresql-k8s-0: 01:30:28 ERROR unit.postgresql-k8s/0.juju-log This operation (update_relation_data()) can only be performed by the leader unit
unit-postgresql-k8s-0: 01:30:28 ERROR unit.postgresql-k8s/0.juju-log This operation (update_relation_data()) can only be performed by the leader unit
unit-postgresql-k8s-0: 01:30:28 ERROR unit.postgresql-k8s/0.juju-log This operation (update_relation_data()) can only be performed by the leader unit
unit-postgresql-k8s-0: 01:30:28 ERROR unit.postgresql-k8s/0.juju-log This operation (update_relation_data()) can only be performed by the leader unit
unit-postgresql-k8s-0: 01:30:41 ERROR unit.postgresql-k8s/0.juju-log This operation (update_relation_data()) can only be performed by the leader unit
unit-postgresql-k8s-0: 01:30:41 ERROR unit.postgresql-k8s/0.juju-log This operation (update_relation_data()) can only be performed by the leader unit
unit-postgresql-k8s-0: 01:30:41 ERROR unit.postgresql-k8s/0.juju-log This operation (update_relation_data()) can only be performed by the leader unit
unit-postgresql-k8s-0: 01:30:41 ERROR unit.postgresql-k8s/0.juju-log This operation (update_relation_data()) can only be performed by the leader unit
unit-postgresql-k8s-0: 01:30:54 ERROR unit.postgresql-k8s/0.juju-log This operation (update_relation_data()) can only be performed by the leader unit
unit-postgresql-k8s-0: 01:30:54 ERROR unit.postgresql-k8s/0.juju-log This operation (update_relation_data()) can only be performed by the leader unit
unit-postgresql-k8s-0: 01:30:54 ERROR unit.postgresql-k8s/0.juju-log This operation (update_relation_data()) can only be performed by the leader unit
unit-postgresql-k8s-0: 01:30:54 ERROR unit.postgresql-k8s/0.juju-log This operation (update_relation_data()) can only be performed by the leader unit
unit-postgresql-k8s-0: 01:31:07 ERROR unit.postgresql-k8s/0.juju-log This operation (update_relation_data()) can only be performed by the leader unit
unit-postgresql-k8s-0: 01:31:07 ERROR unit.postgresql-k8s/0.juju-log This operation (update_relation_data()) can only be performed by the leader unit
unit-postgresql-k8s-0: 01:31:07 ERROR unit.postgresql-k8s/0.juju-log This operation (update_relation_data()) can only be performed by the leader unit
unit-postgresql-k8s-0: 01:31:07 ERROR unit.postgresql-k8s/0.juju-log This operation (update_relation_data()) can only be performed by the leader unit
unit-postgresql-k8s-0: 01:31:19 ERROR unit.postgresql-k8s/0.juju-log This operation (update_relation_data()) can only be performed by the leader unit
unit-postgresql-k8s-0: 01:31:19 ERROR unit.postgresql-k8s/0.juju-log This operation (update_relation_data()) can only be performed by the leader unit
unit-postgresql-k8s-0: 01:31:19 ERROR unit.postgresql-k8s/0.juju-log This operation (update_relation_data()) can only be performed by the leader unit
unit-postgresql-k8s-0: 01:31:19 ERROR unit.postgresql-k8s/0.juju-log This operation (update_relation_data()) can only be performed by the leader unit
unit-postgresql-k8s-0: 01:31:32 ERROR unit.postgresql-k8s/0.juju-log This operation (update_relation_data()) can only be performed by the leader unit
unit-postgresql-k8s-0: 01:31:32 ERROR unit.postgresql-k8s/0.juju-log This operation (update_relation_data()) can only be performed by the leader unit
unit-postgresql-k8s-0: 01:31:32 ERROR unit.postgresql-k8s/0.juju-log This operation (update_relation_data()) can only be performed by the leader unit
unit-postgresql-k8s-0: 01:31:32 ERROR unit.postgresql-k8s/0.juju-log This operation (update_relation_data()) can only be performed by the leader unit
unit-postgresql-k8s-0: 01:31:45 ERROR unit.postgresql-k8s/0.juju-log This operation (update_relation_data()) can only be performed by the leader unit
unit-postgresql-k8s-0: 01:31:45 ERROR unit.postgresql-k8s/0.juju-log This operation (update_relation_data()) can only be performed by the leader unit
unit-postgresql-k8s-0: 01:31:45 ERROR unit.postgresql-k8s/0.juju-log This operation (update_relation_data()) can only be performed by the leader unit
unit-postgresql-k8s-0: 01:31:45 ERROR unit.postgresql-k8s/0.juju-log This operation (update_relation_data()) can only be performed by the leader unit

[32mINFO    [0m pytest_operator.plugin:plugin.py:991 Forgetting model main...